{"numFailedTestSuites":1,"numFailedTests":2,"numPassedTestSuites":17,"numPassedTests":99,"numPendingTestSuites":0,"numPendingTests":0,"numRuntimeErrorTestSuites":0,"numTodoTests":0,"numTotalTestSuites":18,"numTotalTests":101,"openHandles":[],"snapshot":{"added":0,"didUpdate":false,"failure":false,"filesAdded":0,"filesRemoved":0,"filesRemovedList":[],"filesUnmatched":0,"filesUpdated":0,"matched":0,"total":0,"unchecked":0,"uncheckedKeysByFile":[],"unmatched":0,"updated":0},"startTime":1762821522166,"success":false,"testResults":[{"assertionResults":[{"ancestorTitles":["SchemaInitService - branches"],"duration":21,"failing":false,"failureDetails":[],"failureMessages":[],"fullName":"SchemaInitService - branches adiciona usuarios.nome/empresa e executa backfill quando tabelas existem","invocations":1,"location":null,"numPassingAsserts":5,"retryReasons":[],"startAt":1762821525991,"status":"passed","title":"adiciona usuarios.nome/empresa e executa backfill quando tabelas existem"},{"ancestorTitles":["SchemaInitService - branches"],"duration":4,"failing":false,"failureDetails":[],"failureMessages":[],"fullName":"SchemaInitService - branches pula backfill quando membros ausentes e ignora mensalidades ausente","invocations":1,"location":null,"numPassingAsserts":2,"retryReasons":[],"startAt":1762821526014,"status":"passed","title":"pula backfill quando membros ausentes e ignora mensalidades ausente"},{"ancestorTitles":["SchemaInitService - branches"],"duration":5,"failing":false,"failureDetails":[],"failureMessages":[],"fullName":"SchemaInitService - branches migra indicacoes adicionando usuario_* e removendo membro_* quando presentes","invocations":1,"location":null,"numPassingAsserts":5,"retryReasons":[],"startAt":1762821526019,"status":"passed","title":"migra indicacoes adicionando usuario_* e removendo membro_* quando presentes"},{"ancestorTitles":["SchemaInitService - branches"],"duration":3,"failing":false,"failureDetails":[],"failureMessages":[],"fullName":"SchemaInitService - branches migra obrigados adicionando usuario_id e removendo membro_id","invocations":1,"location":null,"numPassingAsserts":3,"retryReasons":[],"startAt":1762821526025,"status":"passed","title":"migra obrigados adicionando usuario_id e removendo membro_id"},{"ancestorTitles":["SchemaInitService - branches"],"duration":3,"failing":false,"failureDetails":[],"failureMessages":[],"fullName":"SchemaInitService - branches mensalidades existente sem membro_id adiciona apenas usuario_id","invocations":1,"location":null,"numPassingAsserts":2,"retryReasons":[],"startAt":1762821526029,"status":"passed","title":"mensalidades existente sem membro_id adiciona apenas usuario_id"},{"ancestorTitles":["SchemaInitService - branches"],"duration":4,"failing":false,"failureDetails":[],"failureMessages":[],"fullName":"SchemaInitService - branches mensalidades lança erro não esperado e registra warn","invocations":1,"location":null,"numPassingAsserts":1,"retryReasons":[],"startAt":1762821526033,"status":"passed","title":"mensalidades lança erro não esperado e registra warn"},{"ancestorTitles":["SchemaInitService - branches"],"duration":5,"failing":false,"failureDetails":[],"failureMessages":[],"fullName":"SchemaInitService - branches indicacoes: segundo describe ausente ignora remoções pós-sync","invocations":1,"location":null,"numPassingAsserts":5,"retryReasons":[],"startAt":1762821526037,"status":"passed","title":"indicacoes: segundo describe ausente ignora remoções pós-sync"},{"ancestorTitles":["SchemaInitService - branches"],"duration":2,"failing":false,"failureDetails":[],"failureMessages":[],"fullName":"SchemaInitService - branches indicacoes lança erro não esperado e registra warn","invocations":1,"location":null,"numPassingAsserts":1,"retryReasons":[],"startAt":1762821526043,"status":"passed","title":"indicacoes lança erro não esperado e registra warn"},{"ancestorTitles":["SchemaInitService - branches"],"duration":8,"failing":false,"failureDetails":[],"failureMessages":[],"fullName":"SchemaInitService - branches obrigados ausente loga mensagem e não adiciona colunas","invocations":1,"location":null,"numPassingAsserts":2,"retryReasons":[],"startAt":1762821526046,"status":"passed","title":"obrigados ausente loga mensagem e não adiciona colunas"},{"ancestorTitles":["SchemaInitService - branches"],"duration":4,"failing":false,"failureDetails":[],"failureMessages":[],"fullName":"SchemaInitService - branches obrigados lança erro não esperado e registra warn","invocations":1,"location":null,"numPassingAsserts":1,"retryReasons":[],"startAt":1762821526055,"status":"passed","title":"obrigados lança erro não esperado e registra warn"},{"ancestorTitles":["SchemaInitService - branches"],"duration":3,"failing":false,"failureDetails":[],"failureMessages":[],"fullName":"SchemaInitService - branches usuario_planos existente sem membro_id adiciona usuario_id","invocations":1,"location":null,"numPassingAsserts":2,"retryReasons":[],"startAt":1762821526060,"status":"passed","title":"usuario_planos existente sem membro_id adiciona usuario_id"},{"ancestorTitles":["SchemaInitService - branches"],"duration":5,"failing":false,"failureDetails":[{"matcherResult":{"message":"\u001b[2mexpect(\u001b[22m\u001b[31mjest.fn()\u001b[39m\u001b[2m).\u001b[22mtoHaveBeenCalledWith\u001b[2m(\u001b[22m\u001b[32m...expected\u001b[39m\u001b[2m)\u001b[22m\n\nExpected: \u001b[32mStringContaining \"[SchemaInit] Falha ao migrar membro_planos -> usuario_planos:\"\u001b[39m, \u001b[32mAnything\u001b[39m\n\nNumber of calls: \u001b[31m0\u001b[39m","pass":false}}],"failureMessages":["Error: \u001b[2mexpect(\u001b[22m\u001b[31mjest.fn()\u001b[39m\u001b[2m).\u001b[22mtoHaveBeenCalledWith\u001b[2m(\u001b[22m\u001b[32m...expected\u001b[39m\u001b[2m)\u001b[22m\n\nExpected: \u001b[32mStringContaining \"[SchemaInit] Falha ao migrar membro_planos -> usuario_planos:\"\u001b[39m, \u001b[32mAnything\u001b[39m\n\nNumber of calls: \u001b[31m0\u001b[39m\n    at Object.<anonymous> (C:\\Users\\Mota\\Documents\\AG Sistemas\\backend\\src\\__tests__\\schema-init.service.branches.spec.ts:210:18)"],"fullName":"SchemaInitService - branches falha ao renomear membro_planos registra warn","invocations":1,"location":null,"numPassingAsserts":0,"retryReasons":[],"startAt":1762821526064,"status":"failed","title":"falha ao renomear membro_planos registra warn"},{"ancestorTitles":["SchemaInitService - branches"],"duration":2,"failing":false,"failureDetails":[{"matcherResult":{"message":"\u001b[2mexpect(\u001b[22m\u001b[31mjest.fn()\u001b[39m\u001b[2m).\u001b[22mtoHaveBeenCalledWith\u001b[2m(\u001b[22m\u001b[32m...expected\u001b[39m\u001b[2m)\u001b[22m\n\nExpected: \u001b[32mStringContaining \"[SchemaInit] Falha ao remover tabelas legadas:\"\u001b[39m, \u001b[32mAnything\u001b[39m\n\nNumber of calls: \u001b[31m0\u001b[39m","pass":false}}],"failureMessages":["Error: \u001b[2mexpect(\u001b[22m\u001b[31mjest.fn()\u001b[39m\u001b[2m).\u001b[22mtoHaveBeenCalledWith\u001b[2m(\u001b[22m\u001b[32m...expected\u001b[39m\u001b[2m)\u001b[22m\n\nExpected: \u001b[32mStringContaining \"[SchemaInit] Falha ao remover tabelas legadas:\"\u001b[39m, \u001b[32mAnything\u001b[39m\n\nNumber of calls: \u001b[31m0\u001b[39m\n    at Object.<anonymous> (C:\\Users\\Mota\\Documents\\AG Sistemas\\backend\\src\\__tests__\\schema-init.service.branches.spec.ts:226:18)"],"fullName":"SchemaInitService - branches remoção de tabelas legadas falha e registra warn","invocations":1,"location":null,"numPassingAsserts":0,"retryReasons":[],"startAt":1762821526077,"status":"failed","title":"remoção de tabelas legadas falha e registra warn"},{"ancestorTitles":["SchemaInitService - branches"],"duration":1,"failing":false,"failureDetails":[],"failureMessages":[],"fullName":"SchemaInitService - branches erro geral não esperado registra console.error","invocations":1,"location":null,"numPassingAsserts":1,"retryReasons":[],"startAt":1762821526080,"status":"passed","title":"erro geral não esperado registra console.error"},{"ancestorTitles":["SchemaInitService - branches"],"duration":5,"failing":false,"failureDetails":[],"failureMessages":[],"fullName":"SchemaInitService - branches renomeia membro_planos para usuario_planos e migra colunas","invocations":1,"location":null,"numPassingAsserts":5,"retryReasons":[],"startAt":1762821526082,"status":"passed","title":"renomeia membro_planos para usuario_planos e migra colunas"},{"ancestorTitles":["SchemaInitService - branches"],"duration":1,"failing":false,"failureDetails":[],"failureMessages":[],"fullName":"SchemaInitService - branches retorna cedo quando tabela usuarios ausente na primeira verificação","invocations":1,"location":null,"numPassingAsserts":2,"retryReasons":[],"startAt":1762821526088,"status":"passed","title":"retorna cedo quando tabela usuarios ausente na primeira verificação"}],"endTime":1762821526124,"message":"\u001b[1m\u001b[31m  \u001b[1m● \u001b[22m\u001b[1mSchemaInitService - branches › falha ao renomear membro_planos registra warn\u001b[39m\u001b[22m\n\n    \u001b[2mexpect(\u001b[22m\u001b[31mjest.fn()\u001b[39m\u001b[2m).\u001b[22mtoHaveBeenCalledWith\u001b[2m(\u001b[22m\u001b[32m...expected\u001b[39m\u001b[2m)\u001b[22m\n\n    Expected: \u001b[32mStringContaining \"[SchemaInit] Falha ao migrar membro_planos -> usuario_planos:\"\u001b[39m, \u001b[32mAnything\u001b[39m\n\n    Number of calls: \u001b[31m0\u001b[39m\n\u001b[2m\u001b[22m\n\u001b[2m    \u001b[0m \u001b[90m 208 |\u001b[39m     })\u001b[33m;\u001b[39m\u001b[22m\n\u001b[2m     \u001b[90m 209 |\u001b[39m     \u001b[36mawait\u001b[39m service\u001b[33m.\u001b[39monModuleInit()\u001b[33m;\u001b[39m\u001b[22m\n\u001b[2m    \u001b[31m\u001b[1m>\u001b[22m\u001b[2m\u001b[39m\u001b[90m 210 |\u001b[39m     expect(warn)\u001b[33m.\u001b[39mtoHaveBeenCalledWith(expect\u001b[33m.\u001b[39mstringContaining(\u001b[32m'[SchemaInit] Falha ao migrar membro_planos -> usuario_planos:'\u001b[39m)\u001b[33m,\u001b[39m expect\u001b[33m.\u001b[39manything())\u001b[33m;\u001b[39m\u001b[22m\n\u001b[2m     \u001b[90m     |\u001b[39m                  \u001b[31m\u001b[1m^\u001b[22m\u001b[2m\u001b[39m\u001b[22m\n\u001b[2m     \u001b[90m 211 |\u001b[39m     warn\u001b[33m.\u001b[39mmockRestore()\u001b[33m;\u001b[39m\u001b[22m\n\u001b[2m     \u001b[90m 212 |\u001b[39m   })\u001b[33m;\u001b[39m\u001b[22m\n\u001b[2m     \u001b[90m 213 |\u001b[39m\u001b[0m\u001b[22m\n\u001b[2m\u001b[22m\n\u001b[2m      \u001b[2mat Object.<anonymous> (\u001b[22m\u001b[2m\u001b[0m\u001b[36msrc/__tests__/schema-init.service.branches.spec.ts\u001b[39m\u001b[0m\u001b[2m:210:18)\u001b[22m\u001b[2m\u001b[22m\n\n\u001b[1m\u001b[31m  \u001b[1m● \u001b[22m\u001b[1mSchemaInitService - branches › remoção de tabelas legadas falha e registra warn\u001b[39m\u001b[22m\n\n    \u001b[2mexpect(\u001b[22m\u001b[31mjest.fn()\u001b[39m\u001b[2m).\u001b[22mtoHaveBeenCalledWith\u001b[2m(\u001b[22m\u001b[32m...expected\u001b[39m\u001b[2m)\u001b[22m\n\n    Expected: \u001b[32mStringContaining \"[SchemaInit] Falha ao remover tabelas legadas:\"\u001b[39m, \u001b[32mAnything\u001b[39m\n\n    Number of calls: \u001b[31m0\u001b[39m\n\u001b[2m\u001b[22m\n\u001b[2m    \u001b[0m \u001b[90m 224 |\u001b[39m     })\u001b[33m;\u001b[39m\u001b[22m\n\u001b[2m     \u001b[90m 225 |\u001b[39m     \u001b[36mawait\u001b[39m service\u001b[33m.\u001b[39monModuleInit()\u001b[33m;\u001b[39m\u001b[22m\n\u001b[2m    \u001b[31m\u001b[1m>\u001b[22m\u001b[2m\u001b[39m\u001b[90m 226 |\u001b[39m     expect(warn)\u001b[33m.\u001b[39mtoHaveBeenCalledWith(expect\u001b[33m.\u001b[39mstringContaining(\u001b[32m'[SchemaInit] Falha ao remover tabelas legadas:'\u001b[39m)\u001b[33m,\u001b[39m expect\u001b[33m.\u001b[39manything())\u001b[33m;\u001b[39m\u001b[22m\n\u001b[2m     \u001b[90m     |\u001b[39m                  \u001b[31m\u001b[1m^\u001b[22m\u001b[2m\u001b[39m\u001b[22m\n\u001b[2m     \u001b[90m 227 |\u001b[39m     warn\u001b[33m.\u001b[39mmockRestore()\u001b[33m;\u001b[39m\u001b[22m\n\u001b[2m     \u001b[90m 228 |\u001b[39m   })\u001b[33m;\u001b[39m\u001b[22m\n\u001b[2m     \u001b[90m 229 |\u001b[39m\u001b[0m\u001b[22m\n\u001b[2m\u001b[22m\n\u001b[2m      \u001b[2mat Object.<anonymous> (\u001b[22m\u001b[2m\u001b[0m\u001b[36msrc/__tests__/schema-init.service.branches.spec.ts\u001b[39m\u001b[0m\u001b[2m:226:18)\u001b[22m\u001b[2m\u001b[22m\n","name":"C:\\Users\\Mota\\Documents\\AG Sistemas\\backend\\src\\__tests__\\schema-init.service.branches.spec.ts","startTime":1762821522286,"status":"failed","summary":""},{"assertionResults":[{"ancestorTitles":["API E2E"],"duration":63,"failing":false,"failureDetails":[],"failureMessages":[],"fullName":"API E2E submete intenção pública, lista e aprova","invocations":1,"location":null,"numPassingAsserts":0,"retryReasons":[],"startAt":1762821527969,"status":"passed","title":"submete intenção pública, lista e aprova"},{"ancestorTitles":["API E2E"],"duration":198,"failing":false,"failureDetails":[],"failureMessages":[],"fullName":"API E2E gera convite e faz cadastro completo com token","invocations":1,"location":null,"numPassingAsserts":0,"retryReasons":[],"startAt":1762821528033,"status":"passed","title":"gera convite e faz cadastro completo com token"},{"ancestorTitles":["API E2E"],"duration":198,"failing":false,"failureDetails":[],"failureMessages":[],"fullName":"API E2E atualiza status de membro existente com sucesso","invocations":1,"location":null,"numPassingAsserts":1,"retryReasons":[],"startAt":1762821528232,"status":"passed","title":"atualiza status de membro existente com sucesso"},{"ancestorTitles":["API E2E"],"duration":374,"failing":false,"failureDetails":[],"failureMessages":[],"fullName":"API E2E atualiza status de indicação existente com sucesso","invocations":1,"location":null,"numPassingAsserts":1,"retryReasons":[],"startAt":1762821528430,"status":"passed","title":"atualiza status de indicação existente com sucesso"},{"ancestorTitles":["API E2E"],"duration":9,"failing":false,"failureDetails":[],"failureMessages":[],"fullName":"API E2E tenta aprovar intenção inexistente e recebe 404","invocations":1,"location":null,"numPassingAsserts":0,"retryReasons":[],"startAt":1762821528805,"status":"passed","title":"tenta aprovar intenção inexistente e recebe 404"},{"ancestorTitles":["API E2E"],"duration":28,"failing":false,"failureDetails":[],"failureMessages":[],"fullName":"API E2E cria indicação e atualiza status","invocations":1,"location":null,"numPassingAsserts":0,"retryReasons":[],"startAt":1762821528815,"status":"passed","title":"cria indicação e atualiza status"},{"ancestorTitles":["API E2E"],"duration":16,"failing":false,"failureDetails":[],"failureMessages":[],"fullName":"API E2E retorna KPIs do dashboard","invocations":1,"location":null,"numPassingAsserts":0,"retryReasons":[],"startAt":1762821528844,"status":"passed","title":"retorna KPIs do dashboard"},{"ancestorTitles":["API E2E"],"duration":23,"failing":false,"failureDetails":[],"failureMessages":[],"fullName":"API E2E impede gerar convite se intenção não aprovada","invocations":1,"location":null,"numPassingAsserts":0,"retryReasons":[],"startAt":1762821528860,"status":"passed","title":"impede gerar convite se intenção não aprovada"},{"ancestorTitles":["API E2E"],"duration":8,"failing":false,"failureDetails":[],"failureMessages":[],"fullName":"API E2E validação de token inválido retorna erro","invocations":1,"location":null,"numPassingAsserts":0,"retryReasons":[],"startAt":1762821528884,"status":"passed","title":"validação de token inválido retorna erro"},{"ancestorTitles":["API E2E"],"duration":9,"failing":false,"failureDetails":[],"failureMessages":[],"fullName":"API E2E referral getById inexistente retorna 404","invocations":1,"location":null,"numPassingAsserts":0,"retryReasons":[],"startAt":1762821528892,"status":"passed","title":"referral getById inexistente retorna 404"},{"ancestorTitles":["API E2E"],"duration":9,"failing":false,"failureDetails":[],"failureMessages":[],"fullName":"API E2E atualizar status de membro inexistente retorna 404","invocations":1,"location":null,"numPassingAsserts":0,"retryReasons":[],"startAt":1762821528902,"status":"passed","title":"atualizar status de membro inexistente retorna 404"}],"endTime":1762821528924,"message":"","name":"C:\\Users\\Mota\\Documents\\AG Sistemas\\backend\\src\\__tests__\\app.e2e.spec.ts","startTime":1762821526184,"status":"passed","summary":""},{"assertionResults":[{"ancestorTitles":["FinanceService"],"duration":96,"failing":false,"failureDetails":[],"failureMessages":[],"fullName":"FinanceService cria plano, associa membros e gera mensalidades do mês","invocations":1,"location":null,"numPassingAsserts":4,"retryReasons":[],"startAt":1762821529928,"status":"passed","title":"cria plano, associa membros e gera mensalidades do mês"},{"ancestorTitles":["FinanceService"],"duration":50,"failing":false,"failureDetails":[],"failureMessages":[],"fullName":"FinanceService marca como pago e calcula totais do mês","invocations":1,"location":null,"numPassingAsserts":3,"retryReasons":[],"startAt":1762821530025,"status":"passed","title":"marca como pago e calcula totais do mês"},{"ancestorTitles":["FinanceService"],"duration":36,"failing":false,"failureDetails":[],"failureMessages":[],"fullName":"FinanceService atualiza automaticamente para atrasado quando vencido e pendente","invocations":1,"location":null,"numPassingAsserts":2,"retryReasons":[],"startAt":1762821530076,"status":"passed","title":"atualiza automaticamente para atrasado quando vencido e pendente"},{"ancestorTitles":["FinanceService"],"duration":9,"failing":false,"failureDetails":[],"failureMessages":[],"fullName":"FinanceService filtra por membro e por status","invocations":1,"location":null,"numPassingAsserts":2,"retryReasons":[],"startAt":1762821530113,"status":"passed","title":"filtra por membro e por status"},{"ancestorTitles":["FinanceService"],"duration":28,"failing":false,"failureDetails":[],"failureMessages":[],"fullName":"FinanceService não gera mensalidade para membro sem plano e evita duplicidade","invocations":1,"location":null,"numPassingAsserts":3,"retryReasons":[],"startAt":1762821530122,"status":"passed","title":"não gera mensalidade para membro sem plano e evita duplicidade"},{"ancestorTitles":["FinanceService"],"duration":18,"failing":false,"failureDetails":[],"failureMessages":[],"fullName":"FinanceService updateStatus com observação e pagar ajusta data_pagamento","invocations":1,"location":null,"numPassingAsserts":3,"retryReasons":[],"startAt":1762821530151,"status":"passed","title":"updateStatus com observação e pagar ajusta data_pagamento"},{"ancestorTitles":["FinanceService"],"duration":23,"failing":false,"failureDetails":[],"failureMessages":[],"fullName":"FinanceService notifyLate sem atraso apenas registra observação","invocations":1,"location":null,"numPassingAsserts":2,"retryReasons":[],"startAt":1762821530169,"status":"passed","title":"notifyLate sem atraso apenas registra observação"},{"ancestorTitles":["FinanceService"],"duration":16,"failing":false,"failureDetails":[],"failureMessages":[],"fullName":"FinanceService updateUsuario aceita null e mantém consistência","invocations":1,"location":null,"numPassingAsserts":1,"retryReasons":[],"startAt":1762821530193,"status":"passed","title":"updateUsuario aceita null e mantém consistência"},{"ancestorTitles":["FinanceService"],"duration":20,"failing":false,"failureDetails":[],"failureMessages":[],"fullName":"FinanceService autoUpdateOverdue não altera mensalidade futura pendente","invocations":1,"location":null,"numPassingAsserts":1,"retryReasons":[],"startAt":1762821530210,"status":"passed","title":"autoUpdateOverdue não altera mensalidade futura pendente"},{"ancestorTitles":["FinanceService"],"duration":30,"failing":false,"failureDetails":[],"failureMessages":[],"fullName":"FinanceService cancel altera status e opcionalmente adiciona observação","invocations":1,"location":null,"numPassingAsserts":3,"retryReasons":[],"startAt":1762821530231,"status":"passed","title":"cancel altera status e opcionalmente adiciona observação"},{"ancestorTitles":["FinanceService"],"duration":30,"failing":false,"failureDetails":[],"failureMessages":[],"fullName":"FinanceService cancelar mensalidade define status cancelado","invocations":1,"location":null,"numPassingAsserts":2,"retryReasons":[],"startAt":1762821530262,"status":"passed","title":"cancelar mensalidade define status cancelado"}],"endTime":1762821530298,"message":"","name":"C:\\Users\\Mota\\Documents\\AG Sistemas\\backend\\src\\__tests__\\finance.service.spec.ts","startTime":1762821528937,"status":"passed","summary":""},{"assertionResults":[{"ancestorTitles":["Cobertura de Branches"],"duration":17,"failing":false,"failureDetails":[],"failureMessages":[],"fullName":"Cobertura de Branches listFees cobre branches de filtros: none, por mês/ano, por usuário, por status","invocations":1,"location":null,"numPassingAsserts":4,"retryReasons":[],"startAt":1762821531436,"status":"passed","title":"listFees cobre branches de filtros: none, por mês/ano, por usuário, por status"},{"ancestorTitles":["Cobertura de Branches"],"duration":3,"failing":false,"failureDetails":[],"failureMessages":[],"fullName":"Cobertura de Branches listFees cobre branch de enriquecimento com erro silencioso","invocations":1,"location":null,"numPassingAsserts":1,"retryReasons":[],"startAt":1762821531454,"status":"passed","title":"listFees cobre branch de enriquecimento com erro silencioso"},{"ancestorTitles":["Cobertura de Branches"],"duration":32,"failing":false,"failureDetails":[],"failureMessages":[],"fullName":"Cobertura de Branches updateStatus cobre branch com e sem observacao","invocations":1,"location":null,"numPassingAsserts":3,"retryReasons":[],"startAt":1762821531457,"status":"passed","title":"updateStatus cobre branch com e sem observacao"},{"ancestorTitles":["Cobertura de Branches"],"duration":48,"failing":false,"failureDetails":[],"failureMessages":[],"fullName":"Cobertura de Branches notifyLate cobre branches: atraso e sem atraso","invocations":1,"location":null,"numPassingAsserts":3,"retryReasons":[],"startAt":1762821531490,"status":"passed","title":"notifyLate cobre branches: atraso e sem atraso"},{"ancestorTitles":["Cobertura de Branches"],"duration":17,"failing":false,"failureDetails":[],"failureMessages":[],"fullName":"Cobertura de Branches sendReminder cobre branch de anotação","invocations":1,"location":null,"numPassingAsserts":2,"retryReasons":[],"startAt":1762821531539,"status":"passed","title":"sendReminder cobre branch de anotação"},{"ancestorTitles":["Cobertura de Branches"],"duration":29,"failing":false,"failureDetails":[],"failureMessages":[],"fullName":"Cobertura de Branches ReferralsService.updateStatus cobre com e sem agradecimentos_publicos","invocations":1,"location":null,"numPassingAsserts":4,"retryReasons":[],"startAt":1762821531556,"status":"passed","title":"ReferralsService.updateStatus cobre com e sem agradecimentos_publicos"}],"endTime":1762821531592,"message":"","name":"C:\\Users\\Mota\\Documents\\AG Sistemas\\backend\\src\\__tests__\\branches.spec.ts","startTime":1762821530309,"status":"passed","summary":""},{"assertionResults":[{"ancestorTitles":["FinanceController"],"duration":32,"failing":false,"failureDetails":[],"failureMessages":[],"fullName":"FinanceController gera mensalidades e lista com filtros por mês/ano","invocations":1,"location":null,"numPassingAsserts":3,"retryReasons":[],"startAt":1762821532622,"status":"passed","title":"gera mensalidades e lista com filtros por mês/ano"},{"ancestorTitles":["FinanceController"],"duration":7,"failing":false,"failureDetails":[],"failureMessages":[],"fullName":"FinanceController lista com status e com usuario_id exercita ramos de parsing","invocations":1,"location":null,"numPassingAsserts":4,"retryReasons":[],"startAt":1762821532654,"status":"passed","title":"lista com status e com usuario_id exercita ramos de parsing"},{"ancestorTitles":["FinanceController"],"duration":25,"failing":false,"failureDetails":[],"failureMessages":[],"fullName":"FinanceController atualiza status via controller e marca como pago","invocations":1,"location":null,"numPassingAsserts":3,"retryReasons":[],"startAt":1762821532662,"status":"passed","title":"atualiza status via controller e marca como pago"},{"ancestorTitles":["FinanceController"],"duration":20,"failing":false,"failureDetails":[],"failureMessages":[],"fullName":"FinanceController cancela mensalidade e calcula totais","invocations":1,"location":null,"numPassingAsserts":3,"retryReasons":[],"startAt":1762821532688,"status":"passed","title":"cancela mensalidade e calcula totais"}],"endTime":1762821532716,"message":"","name":"C:\\Users\\Mota\\Documents\\AG Sistemas\\backend\\src\\__tests__\\finance.controller.spec.ts","startTime":1762821531606,"status":"passed","summary":""},{"assertionResults":[{"ancestorTitles":["ReferralsController Branches"],"duration":9,"failing":false,"failureDetails":[],"failureMessages":[],"fullName":"ReferralsController Branches create aceita membro_* como string e converte para número","invocations":1,"location":null,"numPassingAsserts":2,"retryReasons":[],"startAt":1762821533694,"status":"passed","title":"create aceita membro_* como string e converte para número"},{"ancestorTitles":["ReferralsController Branches"],"duration":28,"failing":false,"failureDetails":[],"failureMessages":[],"fullName":"ReferralsController Branches updateStatus aceita agradecimentos_publicos opcional","invocations":1,"location":null,"numPassingAsserts":4,"retryReasons":[],"startAt":1762821533704,"status":"passed","title":"updateStatus aceita agradecimentos_publicos opcional"}],"endTime":1762821533740,"message":"","name":"C:\\Users\\Mota\\Documents\\AG Sistemas\\backend\\src\\__tests__\\referrals.controller.branches.spec.ts","startTime":1762821532727,"status":"passed","summary":""},{"assertionResults":[{"ancestorTitles":["InitService - branches"],"duration":2,"failing":false,"failureDetails":[],"failureMessages":[],"fullName":"InitService - branches cria usuário admin quando inexistente","invocations":1,"location":null,"numPassingAsserts":1,"retryReasons":[],"startAt":1762821534108,"status":"passed","title":"cria usuário admin quando inexistente"},{"ancestorTitles":["InitService - branches"],"duration":1,"failing":false,"failureDetails":[],"failureMessages":[],"fullName":"InitService - branches atualiza usuário admin existente com senha padrão","invocations":1,"location":null,"numPassingAsserts":3,"retryReasons":[],"startAt":1762821534111,"status":"passed","title":"atualiza usuário admin existente com senha padrão"},{"ancestorTitles":["InitService - branches"],"duration":1,"failing":false,"failureDetails":[],"failureMessages":[],"fullName":"InitService - branches ignora erros esperados: tabela ausente ou unicidade","invocations":1,"location":null,"numPassingAsserts":1,"retryReasons":[],"startAt":1762821534112,"status":"passed","title":"ignora erros esperados: tabela ausente ou unicidade"},{"ancestorTitles":["InitService - branches"],"duration":111,"failing":false,"failureDetails":[],"failureMessages":[],"fullName":"InitService - branches tenta novamente em SQLITE_BUSY e conclui criação","invocations":1,"location":null,"numPassingAsserts":1,"retryReasons":[],"startAt":1762821534113,"status":"passed","title":"tenta novamente em SQLITE_BUSY e conclui criação"},{"ancestorTitles":["InitService - branches"],"duration":113,"failing":false,"failureDetails":[],"failureMessages":[],"fullName":"InitService - branches tenta novamente em SequelizeTimeoutError e conclui","invocations":1,"location":null,"numPassingAsserts":1,"retryReasons":[],"startAt":1762821534225,"status":"passed","title":"tenta novamente em SequelizeTimeoutError e conclui"},{"ancestorTitles":["InitService - branches"],"duration":1,"failing":false,"failureDetails":[],"failureMessages":[],"fullName":"InitService - branches ignora SequelizeUniqueConstraintError e retorna","invocations":1,"location":null,"numPassingAsserts":1,"retryReasons":[],"startAt":1762821534338,"status":"passed","title":"ignora SequelizeUniqueConstraintError e retorna"},{"ancestorTitles":["InitService - branches"],"duration":1,"failing":false,"failureDetails":[],"failureMessages":[],"fullName":"InitService - branches erro não esperado registra console.error e retorna","invocations":1,"location":null,"numPassingAsserts":1,"retryReasons":[],"startAt":1762821534339,"status":"passed","title":"erro não esperado registra console.error e retorna"}],"endTime":1762821534342,"message":"","name":"C:\\Users\\Mota\\Documents\\AG Sistemas\\backend\\src\\__tests__\\init.service.branches.spec.ts","startTime":1762821533749,"status":"passed","summary":""},{"assertionResults":[{"ancestorTitles":["MembersService"],"duration":1,"failing":false,"failureDetails":[],"failureMessages":[],"fullName":"MembersService create cria membro com status ativo","invocations":1,"location":null,"numPassingAsserts":2,"retryReasons":[],"startAt":1762821534686,"status":"passed","title":"create cria membro com status ativo"},{"ancestorTitles":["MembersService"],"duration":1,"failing":false,"failureDetails":[],"failureMessages":[],"fullName":"MembersService listActive retorna apenas membros ativos","invocations":1,"location":null,"numPassingAsserts":2,"retryReasons":[],"startAt":1762821534688,"status":"passed","title":"listActive retorna apenas membros ativos"},{"ancestorTitles":["MembersService","updateStatus"],"duration":0,"failing":false,"failureDetails":[],"failureMessages":[],"fullName":"MembersService updateStatus lança NotFound quando membro inexiste","invocations":1,"location":null,"numPassingAsserts":1,"retryReasons":[],"startAt":1762821534690,"status":"passed","title":"lança NotFound quando membro inexiste"},{"ancestorTitles":["MembersService","updateStatus"],"duration":1,"failing":false,"failureDetails":[],"failureMessages":[],"fullName":"MembersService updateStatus atualiza status com sucesso","invocations":1,"location":null,"numPassingAsserts":3,"retryReasons":[],"startAt":1762821534691,"status":"passed","title":"atualiza status com sucesso"}],"endTime":1762821534698,"message":"","name":"C:\\Users\\Mota\\Documents\\AG Sistemas\\backend\\src\\__tests__\\members.service.spec.ts","startTime":1762821534355,"status":"passed","summary":""},{"assertionResults":[{"ancestorTitles":["ReferralsController"],"duration":2,"failing":false,"failureDetails":[],"failureMessages":[],"fullName":"ReferralsController sent retorna indicações enviadas pelo membro","invocations":1,"location":null,"numPassingAsserts":2,"retryReasons":[],"startAt":1762821535158,"status":"passed","title":"sent retorna indicações enviadas pelo membro"},{"ancestorTitles":["ReferralsController"],"duration":1,"failing":false,"failureDetails":[],"failureMessages":[],"fullName":"ReferralsController received retorna indicações recebidas pelo membro","invocations":1,"location":null,"numPassingAsserts":2,"retryReasons":[],"startAt":1762821535160,"status":"passed","title":"received retorna indicações recebidas pelo membro"}],"endTime":1762821535162,"message":"","name":"C:\\Users\\Mota\\Documents\\AG Sistemas\\backend\\src\\__tests__\\referrals.controller.spec.ts","startTime":1762821534708,"status":"passed","summary":""},{"assertionResults":[{"ancestorTitles":["InvitesController"],"duration":2,"failing":false,"failureDetails":[],"failureMessages":[],"fullName":"InvitesController generate chama serviço para intenção","invocations":1,"location":null,"numPassingAsserts":2,"retryReasons":[],"startAt":1762821535573,"status":"passed","title":"generate chama serviço para intenção"},{"ancestorTitles":["InvitesController"],"duration":1,"failing":false,"failureDetails":[],"failureMessages":[],"fullName":"InvitesController prefill retorna dados do token","invocations":1,"location":null,"numPassingAsserts":2,"retryReasons":[],"startAt":1762821535575,"status":"passed","title":"prefill retorna dados do token"}],"endTime":1762821535578,"message":"","name":"C:\\Users\\Mota\\Documents\\AG Sistemas\\backend\\src\\__tests__\\invites.controller.spec.ts","startTime":1762821535173,"status":"passed","summary":""},{"assertionResults":[{"ancestorTitles":["UsersService"],"duration":1,"failing":false,"failureDetails":[],"failureMessages":[],"fullName":"UsersService lança ConflictException quando usuário já existe","invocations":1,"location":null,"numPassingAsserts":1,"retryReasons":[],"startAt":1762821535937,"status":"passed","title":"lança ConflictException quando usuário já existe"},{"ancestorTitles":["UsersService"],"duration":1,"failing":false,"failureDetails":[],"failureMessages":[],"fullName":"UsersService cria usuário novo com campos extras e senha hash","invocations":1,"location":null,"numPassingAsserts":6,"retryReasons":[],"startAt":1762821535939,"status":"passed","title":"cria usuário novo com campos extras e senha hash"},{"ancestorTitles":["UsersService"],"duration":1,"failing":false,"failureDetails":[],"failureMessages":[],"fullName":"UsersService cria usuário novo sem campos extras","invocations":1,"location":null,"numPassingAsserts":4,"retryReasons":[],"startAt":1762821535941,"status":"passed","title":"cria usuário novo sem campos extras"},{"ancestorTitles":["UsersService"],"duration":1,"failing":false,"failureDetails":[],"failureMessages":[],"fullName":"UsersService listAll retorna id, email e role","invocations":1,"location":null,"numPassingAsserts":2,"retryReasons":[],"startAt":1762821535942,"status":"passed","title":"listAll retorna id, email e role"}],"endTime":1762821535944,"message":"","name":"C:\\Users\\Mota\\Documents\\AG Sistemas\\backend\\src\\__tests__\\users.service.spec.ts","startTime":1762821535588,"status":"passed","summary":""},{"assertionResults":[{"ancestorTitles":["MembersController"],"duration":1,"failing":false,"failureDetails":[],"failureMessages":[],"fullName":"MembersController listActive retorna membros ativos via serviço","invocations":1,"location":null,"numPassingAsserts":2,"retryReasons":[],"startAt":1762821536361,"status":"passed","title":"listActive retorna membros ativos via serviço"}],"endTime":1762821536364,"message":"","name":"C:\\Users\\Mota\\Documents\\AG Sistemas\\backend\\src\\__tests__\\members.controller.spec.ts","startTime":1762821535957,"status":"passed","summary":""},{"assertionResults":[{"ancestorTitles":["DashboardController"],"duration":1,"failing":false,"failureDetails":[],"failureMessages":[],"fullName":"DashboardController createThanks cria registro de agradecimento via model","invocations":1,"location":null,"numPassingAsserts":2,"retryReasons":[],"startAt":1762821536760,"status":"passed","title":"createThanks cria registro de agradecimento via model"}],"endTime":1762821536763,"message":"","name":"C:\\Users\\Mota\\Documents\\AG Sistemas\\backend\\src\\__tests__\\dashboard.controller.spec.ts","startTime":1762821536377,"status":"passed","summary":""},{"assertionResults":[{"ancestorTitles":["InvitesService","generateForIntention"],"duration":2,"failing":false,"failureDetails":[],"failureMessages":[],"fullName":"InvitesService generateForIntention lança NotFoundException quando intenção não existe","invocations":1,"location":null,"numPassingAsserts":1,"retryReasons":[],"startAt":1762821537106,"status":"passed","title":"lança NotFoundException quando intenção não existe"},{"ancestorTitles":["InvitesService","generateForIntention"],"duration":1,"failing":false,"failureDetails":[],"failureMessages":[],"fullName":"InvitesService generateForIntention lança BadRequest quando intenção não está aprovada","invocations":1,"location":null,"numPassingAsserts":1,"retryReasons":[],"startAt":1762821537109,"status":"passed","title":"lança BadRequest quando intenção não está aprovada"},{"ancestorTitles":["InvitesService","generateForIntention"],"duration":1,"failing":false,"failureDetails":[],"failureMessages":[],"fullName":"InvitesService generateForIntention lança BadRequest quando convite já gerado","invocations":1,"location":null,"numPassingAsserts":1,"retryReasons":[],"startAt":1762821537110,"status":"passed","title":"lança BadRequest quando convite já gerado"},{"ancestorTitles":["InvitesService","generateForIntention"],"duration":2,"failing":false,"failureDetails":[],"failureMessages":[],"fullName":"InvitesService generateForIntention gera convite com sucesso e marca intenção","invocations":1,"location":null,"numPassingAsserts":4,"retryReasons":[],"startAt":1762821537112,"status":"passed","title":"gera convite com sucesso e marca intenção"},{"ancestorTitles":["InvitesService","validate"],"duration":1,"failing":false,"failureDetails":[],"failureMessages":[],"fullName":"InvitesService validate lança BadRequest quando convite inexistente","invocations":1,"location":null,"numPassingAsserts":1,"retryReasons":[],"startAt":1762821537115,"status":"passed","title":"lança BadRequest quando convite inexistente"},{"ancestorTitles":["InvitesService","validate"],"duration":2,"failing":false,"failureDetails":[],"failureMessages":[],"fullName":"InvitesService validate lança BadRequest quando convite já utilizado","invocations":1,"location":null,"numPassingAsserts":1,"retryReasons":[],"startAt":1762821537116,"status":"passed","title":"lança BadRequest quando convite já utilizado"},{"ancestorTitles":["InvitesService","validate"],"duration":1,"failing":false,"failureDetails":[],"failureMessages":[],"fullName":"InvitesService validate retorna convite válido","invocations":1,"location":null,"numPassingAsserts":1,"retryReasons":[],"startAt":1762821537119,"status":"passed","title":"retorna convite válido"},{"ancestorTitles":["InvitesService","markUsed"],"duration":1,"failing":false,"failureDetails":[],"failureMessages":[],"fullName":"InvitesService markUsed lança NotFound quando convite não encontrado","invocations":1,"location":null,"numPassingAsserts":1,"retryReasons":[],"startAt":1762821537120,"status":"passed","title":"lança NotFound quando convite não encontrado"},{"ancestorTitles":["InvitesService","markUsed"],"duration":1,"failing":false,"failureDetails":[],"failureMessages":[],"fullName":"InvitesService markUsed marca como usado e salva","invocations":1,"location":null,"numPassingAsserts":3,"retryReasons":[],"startAt":1762821537121,"status":"passed","title":"marca como usado e salva"},{"ancestorTitles":["InvitesService","getPrefillByToken"],"duration":1,"failing":false,"failureDetails":[],"failureMessages":[],"fullName":"InvitesService getPrefillByToken lança BadRequest quando convite inválido/used","invocations":1,"location":null,"numPassingAsserts":1,"retryReasons":[],"startAt":1762821537123,"status":"passed","title":"lança BadRequest quando convite inválido/used"},{"ancestorTitles":["InvitesService","getPrefillByToken"],"duration":1,"failing":false,"failureDetails":[],"failureMessages":[],"fullName":"InvitesService getPrefillByToken lança NotFound quando intenção vinculada não encontrada","invocations":1,"location":null,"numPassingAsserts":1,"retryReasons":[],"startAt":1762821537124,"status":"passed","title":"lança NotFound quando intenção vinculada não encontrada"},{"ancestorTitles":["InvitesService","getPrefillByToken"],"duration":1,"failing":false,"failureDetails":[],"failureMessages":[],"fullName":"InvitesService getPrefillByToken retorna dados de prefill quando válido","invocations":1,"location":null,"numPassingAsserts":1,"retryReasons":[],"startAt":1762821537129,"status":"passed","title":"retorna dados de prefill quando válido"}],"endTime":1762821537132,"message":"","name":"C:\\Users\\Mota\\Documents\\AG Sistemas\\backend\\src\\__tests__\\invites.service.spec.ts","startTime":1762821536771,"status":"passed","summary":""},{"assertionResults":[{"ancestorTitles":["AuthService - validateUser"],"duration":1,"failing":false,"failureDetails":[],"failureMessages":[],"fullName":"AuthService - validateUser lança UnauthorizedException quando usuário não existe","invocations":1,"location":null,"numPassingAsserts":1,"retryReasons":[],"startAt":1762821537511,"status":"passed","title":"lança UnauthorizedException quando usuário não existe"},{"ancestorTitles":["AuthService - validateUser"],"duration":1,"failing":false,"failureDetails":[],"failureMessages":[],"fullName":"AuthService - validateUser lança UnauthorizedException quando senha está incorreta","invocations":1,"location":null,"numPassingAsserts":1,"retryReasons":[],"startAt":1762821537513,"status":"passed","title":"lança UnauthorizedException quando senha está incorreta"},{"ancestorTitles":["AuthService - validateUser"],"duration":1,"failing":false,"failureDetails":[],"failureMessages":[],"fullName":"AuthService - validateUser retorna token e usuário quando credenciais são válidas","invocations":1,"location":null,"numPassingAsserts":2,"retryReasons":[],"startAt":1762821537515,"status":"passed","title":"retorna token e usuário quando credenciais são válidas"}],"endTime":1762821537518,"message":"","name":"C:\\Users\\Mota\\Documents\\AG Sistemas\\backend\\src\\__tests__\\auth.service.spec.ts","startTime":1762821537142,"status":"passed","summary":""},{"assertionResults":[{"ancestorTitles":["ReferralsService"],"duration":2,"failing":false,"failureDetails":[],"failureMessages":[],"fullName":"ReferralsService getById lança NotFoundException quando não encontra","invocations":1,"location":null,"numPassingAsserts":1,"retryReasons":[],"startAt":1762821537880,"status":"passed","title":"getById lança NotFoundException quando não encontra"},{"ancestorTitles":["ReferralsService"],"duration":1,"failing":false,"failureDetails":[],"failureMessages":[],"fullName":"ReferralsService updateStatus lança NotFoundException quando não encontra","invocations":1,"location":null,"numPassingAsserts":1,"retryReasons":[],"startAt":1762821537883,"status":"passed","title":"updateStatus lança NotFoundException quando não encontra"},{"ancestorTitles":["ReferralsService"],"duration":1,"failing":false,"failureDetails":[],"failureMessages":[],"fullName":"ReferralsService updateStatus atualiza e salva quando encontra","invocations":1,"location":null,"numPassingAsserts":3,"retryReasons":[],"startAt":1762821537885,"status":"passed","title":"updateStatus atualiza e salva quando encontra"},{"ancestorTitles":["ReferralsService"],"duration":1,"failing":false,"failureDetails":[],"failureMessages":[],"fullName":"ReferralsService listByUserSent retorna lista para usuário de origem","invocations":1,"location":null,"numPassingAsserts":2,"retryReasons":[],"startAt":1762821537887,"status":"passed","title":"listByUserSent retorna lista para usuário de origem"},{"ancestorTitles":["ReferralsService"],"duration":1,"failing":false,"failureDetails":[],"failureMessages":[],"fullName":"ReferralsService listByUserReceived retorna lista para usuário de destino","invocations":1,"location":null,"numPassingAsserts":2,"retryReasons":[],"startAt":1762821537889,"status":"passed","title":"listByUserReceived retorna lista para usuário de destino"},{"ancestorTitles":["ReferralsService"],"duration":2,"failing":false,"failureDetails":[],"failureMessages":[],"fullName":"ReferralsService create cria indicação com status nova normalizando membro_* para usuario_*","invocations":1,"location":null,"numPassingAsserts":2,"retryReasons":[],"startAt":1762821537891,"status":"passed","title":"create cria indicação com status nova normalizando membro_* para usuario_*"},{"ancestorTitles":["ReferralsService"],"duration":1,"failing":false,"failureDetails":[],"failureMessages":[],"fullName":"ReferralsService getById retorna entidade quando encontra","invocations":1,"location":null,"numPassingAsserts":2,"retryReasons":[],"startAt":1762821537894,"status":"passed","title":"getById retorna entidade quando encontra"},{"ancestorTitles":["ReferralsService"],"duration":1,"failing":false,"failureDetails":[],"failureMessages":[],"fullName":"ReferralsService updateStatus define agradecimentos quando fornecido","invocations":1,"location":null,"numPassingAsserts":4,"retryReasons":[],"startAt":1762821537895,"status":"passed","title":"updateStatus define agradecimentos quando fornecido"}],"endTime":1762821537898,"message":"","name":"C:\\Users\\Mota\\Documents\\AG Sistemas\\backend\\src\\__tests__\\referrals.service.spec.ts","startTime":1762821537526,"status":"passed","summary":""},{"assertionResults":[{"ancestorTitles":["IntentionsService","updateStatus"],"duration":1,"failing":false,"failureDetails":[],"failureMessages":[],"fullName":"IntentionsService updateStatus lança NotFound quando intenção inexiste","invocations":1,"location":null,"numPassingAsserts":1,"retryReasons":[],"startAt":1762821538238,"status":"passed","title":"lança NotFound quando intenção inexiste"},{"ancestorTitles":["IntentionsService","updateStatus"],"duration":1,"failing":false,"failureDetails":[],"failureMessages":[],"fullName":"IntentionsService updateStatus aprova intenção e cria membro quando não existe","invocations":1,"location":null,"numPassingAsserts":4,"retryReasons":[],"startAt":1762821538240,"status":"passed","title":"aprova intenção e cria membro quando não existe"},{"ancestorTitles":["IntentionsService","updateStatus"],"duration":1,"failing":false,"failureDetails":[],"failureMessages":[],"fullName":"IntentionsService updateStatus aprova intenção mas não cria membro quando já existe","invocations":1,"location":null,"numPassingAsserts":2,"retryReasons":[],"startAt":1762821538242,"status":"passed","title":"aprova intenção mas não cria membro quando já existe"},{"ancestorTitles":["IntentionsService","updateStatus"],"duration":1,"failing":false,"failureDetails":[],"failureMessages":[],"fullName":"IntentionsService updateStatus recusa intenção e não cria membro","invocations":1,"location":null,"numPassingAsserts":3,"retryReasons":[],"startAt":1762821538244,"status":"passed","title":"recusa intenção e não cria membro"}],"endTime":1762821538246,"message":"","name":"C:\\Users\\Mota\\Documents\\AG Sistemas\\backend\\src\\__tests__\\intentions.service.spec.ts","startTime":1762821537906,"status":"passed","summary":""},{"assertionResults":[{"ancestorTitles":["RolesGuard"],"duration":1,"failing":false,"failureDetails":[],"failureMessages":[],"fullName":"RolesGuard permite acesso para admin quando role requerida é admin","invocations":1,"location":null,"numPassingAsserts":1,"retryReasons":[],"startAt":1762821538404,"status":"passed","title":"permite acesso para admin quando role requerida é admin"},{"ancestorTitles":["RolesGuard"],"duration":6,"failing":false,"failureDetails":[],"failureMessages":[],"fullName":"RolesGuard nega acesso quando usuário não está autenticado","invocations":1,"location":null,"numPassingAsserts":1,"retryReasons":[],"startAt":1762821538406,"status":"passed","title":"nega acesso quando usuário não está autenticado"},{"ancestorTitles":["RolesGuard"],"duration":3,"failing":false,"failureDetails":[],"failureMessages":[],"fullName":"RolesGuard nega acesso quando role requerida é admin e usuário é membro","invocations":1,"location":null,"numPassingAsserts":1,"retryReasons":[],"startAt":1762821538412,"status":"passed","title":"nega acesso quando role requerida é admin e usuário é membro"}],"endTime":1762821538417,"message":"","name":"C:\\Users\\Mota\\Documents\\AG Sistemas\\backend\\src\\__tests__\\roles.guard.spec.ts","startTime":1762821538259,"status":"passed","summary":""}],"wasInterrupted":false}
